# JRE version: Java(TM) SE Runtime Environment 18.9 (11.0.18+9) (build 11.0.18+9-LTS-195)
# Java VM: Java HotSpot(TM) 64-Bit Server VM 18.9 (11.0.18+9-LTS-195, mixed mode, tiered, compressed oops, g1 gc, windows-amd64)
Heap:
 garbage-first heap   total 452608K, used 265073K [0x0000000080000000, 0x0000000100000000)
  region size 1024K, 3 young (3072K), 3 survivors (3072K)
 Metaspace       used 127450K, capacity 131853K, committed 132096K, reserved 630784K
  class space    used 16868K, capacity 18579K, committed 18688K, reserved 516096K
GC Heap History (10 events):
Event: 26.424 GC heap after
{Heap after GC invocations=96 (full 0):
 garbage-first heap   total 321536K, used 246023K [0x0000000080000000, 0x0000000100000000)
  region size 1024K, 5 young (5120K), 5 survivors (5120K)
 Metaspace       used 123182K, capacity 127424K, committed 127488K, reserved 626688K
  class space    used 16279K, capacity 17898K, committed 17920K, reserved 516096K
}
Event: 26.507 GC heap before
{Heap before GC invocations=96 (full 0):
 garbage-first heap   total 321536K, used 270599K [0x0000000080000000, 0x0000000100000000)
  region size 1024K, 30 young (30720K), 5 survivors (5120K)
 Metaspace       used 124068K, capacity 128304K, committed 128384K, reserved 626688K
  class space    used 16397K, capacity 18044K, committed 18048K, reserved 516096K
}
Event: 26.511 GC heap after
{Heap after GC invocations=97 (full 0):
 garbage-first heap   total 321536K, used 250516K [0x0000000080000000, 0x0000000100000000)
  region size 1024K, 4 young (4096K), 4 survivors (4096K)
 Metaspace       used 124068K, capacity 128304K, committed 128384K, reserved 626688K
  class space    used 16397K, capacity 18044K, committed 18048K, reserved 516096K
}
Event: 26.703 GC heap before
{Heap before GC invocations=98 (full 0):
 garbage-first heap   total 321536K, used 274068K [0x0000000080000000, 0x0000000100000000)
  region size 1024K, 27 young (27648K), 4 survivors (4096K)
 Metaspace       used 126016K, capacity 130337K, committed 130560K, reserved 628736K
  class space    used 16672K, capacity 18354K, committed 18432K, reserved 516096K
}
Event: 26.707 GC heap after
{Heap after GC invocations=99 (full 0):
 garbage-first heap   total 321536K, used 252522K [0x0000000080000000, 0x0000000100000000)
  region size 1024K, 4 young (4096K), 4 survivors (4096K)
 Metaspace       used 126016K, capacity 130337K, committed 130560K, reserved 628736K
  class space    used 16672K, capacity 18354K, committed 18432K, reserved 516096K
}
Event: 26.775 GC heap before
{Heap before GC invocations=99 (full 0):
 garbage-first heap   total 321536K, used 275050K [0x0000000080000000, 0x0000000100000000)
  region size 1024K, 26 young (26624K), 4 survivors (4096K)
 Metaspace       used 126836K, capacity 131202K, committed 131456K, reserved 630784K
  class space    used 16788K, capacity 18471K, committed 18560K, reserved 516096K
}
Event: 26.782 GC heap after
{Heap after GC invocations=100 (full 0):
 garbage-first heap   total 321536K, used 257193K [0x0000000080000000, 0x0000000100000000)
  region size 1024K, 4 young (4096K), 4 survivors (4096K)
 Metaspace       used 126836K, capacity 131202K, committed 131456K, reserved 630784K
  class space    used 16788K, capacity 18471K, committed 18560K, reserved 516096K
}
Event: 26.843 GC heap before
{Heap before GC invocations=100 (full 0):
 garbage-first heap   total 321536K, used 276649K [0x0000000080000000, 0x0000000100000000)
  region size 1024K, 23 young (23552K), 4 survivors (4096K)
 Metaspace       used 127223K, capacity 131557K, committed 131712K, reserved 630784K
  class space    used 16849K, capacity 18547K, committed 18560K, reserved 516096K
}
Event: 26.849 GC heap after
{Heap after GC invocations=101 (full 0):
 garbage-first heap   total 321536K, used 260705K [0x0000000080000000, 0x0000000100000000)
  region size 1024K, 3 young (3072K), 3 survivors (3072K)
 Metaspace       used 127223K, capacity 131557K, committed 131712K, reserved 630784K
  class space    used 16849K, capacity 18547K, committed 18560K, reserved 516096K
}
Event: 26.903 GC heap before
{Heap before GC invocations=101 (full 0):
 garbage-first heap   total 321536K, used 278113K [0x0000000080000000, 0x0000000100000000)
  region size 1024K, 20 young (20480K), 3 survivors (3072K)
 Metaspace       used 127450K, capacity 131853K, committed 132096K, reserved 630784K
  class space    used 16868K, capacity 18579K, committed 18688K, reserved 516096K
}

