# JRE version: Java(TM) SE Runtime Environment 18.9 (11.0.18+9) (build 11.0.18+9-LTS-195)
# Java VM: Java HotSpot(TM) 64-Bit Server VM 18.9 (11.0.18+9-LTS-195, mixed mode, tiered, compressed oops, g1 gc, windows-amd64)
Heap:
 garbage-first heap   total 178176K, used 98304K [0x000000008a600000, 0x0000000100000000)
  region size 1024K, 46 young (47104K), 2 survivors (2048K)
 Metaspace       used 60297K, capacity 61056K, committed 61448K, reserved 1103872K
  class space    used 6973K, capacity 7304K, committed 7424K, reserved 1048576K
GC Heap History (10 events):
Event: 6.357 GC heap before
{Heap before GC invocations=6 (full 0):
 garbage-first heap   total 120832K, used 64791K [0x000000008a600000, 0x0000000100000000)
  region size 1024K, 45 young (46080K), 2 survivors (2048K)
 Metaspace       used 44317K, capacity 44767K, committed 45008K, reserved 1089536K
  class space    used 5282K, capacity 5481K, committed 5504K, reserved 1048576K
}
Event: 6.375 GC heap after
{Heap after GC invocations=7 (full 0):
 garbage-first heap   total 148480K, used 25367K [0x000000008a600000, 0x0000000100000000)
  region size 1024K, 6 young (6144K), 6 survivors (6144K)
 Metaspace       used 44317K, capacity 44767K, committed 45008K, reserved 1089536K
  class space    used 5282K, capacity 5481K, committed 5504K, reserved 1048576K
}
Event: 7.607 GC heap before
{Heap before GC invocations=7 (full 0):
 garbage-first heap   total 148480K, used 81687K [0x000000008a600000, 0x0000000100000000)
  region size 1024K, 58 young (59392K), 6 survivors (6144K)
 Metaspace       used 49136K, capacity 49667K, committed 49872K, reserved 1093632K
  class space    used 5768K, capacity 5998K, committed 6016K, reserved 1048576K
}
Event: 7.632 GC heap after
{Heap after GC invocations=8 (full 0):
 garbage-first heap   total 148480K, used 34293K [0x000000008a600000, 0x0000000100000000)
  region size 1024K, 7 young (7168K), 7 survivors (7168K)
 Metaspace       used 49136K, capacity 49667K, committed 49872K, reserved 1093632K
  class space    used 5768K, capacity 5998K, committed 6016K, reserved 1048576K
}
Event: 10.225 GC heap before
{Heap before GC invocations=8 (full 0):
 garbage-first heap   total 148480K, used 89589K [0x000000008a600000, 0x0000000100000000)
  region size 1024K, 61 young (62464K), 7 survivors (7168K)
 Metaspace       used 58041K, capacity 58778K, committed 58960K, reserved 1101824K
  class space    used 6767K, capacity 7100K, committed 7168K, reserved 1048576K
}
Event: 10.254 GC heap after
{Heap after GC invocations=9 (full 0):
 garbage-first heap   total 148480K, used 42360K [0x000000008a600000, 0x0000000100000000)
  region size 1024K, 8 young (8192K), 8 survivors (8192K)
 Metaspace       used 58041K, capacity 58778K, committed 58960K, reserved 1101824K
  class space    used 6767K, capacity 7100K, committed 7168K, reserved 1048576K
}
Event: 11.855 GC heap before
{Heap before GC invocations=9 (full 0):
 garbage-first heap   total 148480K, used 96632K [0x000000008a600000, 0x0000000100000000)
  region size 1024K, 61 young (62464K), 8 survivors (8192K)
 Metaspace       used 59258K, capacity 60022K, committed 60296K, reserved 1101824K
  class space    used 6839K, capacity 7173K, committed 7296K, reserved 1048576K
}
Event: 11.897 GC heap after
{Heap after GC invocations=10 (full 0):
 garbage-first heap   total 148480K, used 52023K [0x000000008a600000, 0x0000000100000000)
  region size 1024K, 8 young (8192K), 8 survivors (8192K)
 Metaspace       used 59258K, capacity 60022K, committed 60296K, reserved 1101824K
  class space    used 6839K, capacity 7173K, committed 7296K, reserved 1048576K
}
Event: 11.932 GC heap before
{Heap before GC invocations=10 (full 0):
 garbage-first heap   total 148480K, used 52023K [0x000000008a600000, 0x0000000100000000)
  region size 1024K, 9 young (9216K), 8 survivors (8192K)
 Metaspace       used 59372K, capacity 60118K, committed 60296K, reserved 1101824K
  class space    used 6854K, capacity 7205K, committed 7296K, reserved 1048576K
}
Event: 11.955 GC heap after
{Heap after GC invocations=11 (full 0):
 garbage-first heap   total 178176K, used 54272K [0x000000008a600000, 0x0000000100000000)
  region size 1024K, 2 young (2048K), 2 survivors (2048K)
 Metaspace       used 59372K, capacity 60118K, committed 60296K, reserved 1101824K
  class space    used 6854K, capacity 7205K, committed 7296K, reserved 1048576K
}

