# JRE version: Java(TM) SE Runtime Environment 18.9 (11.0.18+9) (build 11.0.18+9-LTS-195)
# Java VM: Java HotSpot(TM) 64-Bit Server VM 18.9 (11.0.18+9-LTS-195, mixed mode, tiered, compressed oops, g1 gc, windows-amd64)
Heap:
 garbage-first heap   total 120832K, used 22063K [0x000000008a600000, 0x0000000100000000)
  region size 1024K, 4 young (4096K), 2 survivors (2048K)
 Metaspace       used 35663K, capacity 36049K, committed 36176K, reserved 1081344K
  class space    used 4431K, capacity 4607K, committed 4608K, reserved 1048576K
GC Heap History (8 events):
Event: 0.896 GC heap before
{Heap before GC invocations=0 (full 0):
 garbage-first heap   total 120832K, used 27648K [0x000000008a600000, 0x0000000100000000)
  region size 1024K, 24 young (24576K), 0 survivors (0K)
 Metaspace       used 12159K, capacity 12310K, committed 12544K, reserved 1060864K
  class space    used 1153K, capacity 1207K, committed 1280K, reserved 1048576K
}
Event: 0.923 GC heap after
{Heap after GC invocations=1 (full 0):
 garbage-first heap   total 120832K, used 5822K [0x000000008a600000, 0x0000000100000000)
  region size 1024K, 3 young (3072K), 3 survivors (3072K)
 Metaspace       used 12159K, capacity 12310K, committed 12544K, reserved 1060864K
  class space    used 1153K, capacity 1207K, committed 1280K, reserved 1048576K
}
Event: 1.815 GC heap before
{Heap before GC invocations=1 (full 0):
 garbage-first heap   total 120832K, used 43710K [0x000000008a600000, 0x0000000100000000)
  region size 1024K, 41 young (41984K), 3 survivors (3072K)
 Metaspace       used 20904K, capacity 21086K, committed 21296K, reserved 1069056K
  class space    used 2245K, capacity 2313K, committed 2432K, reserved 1048576K
}
Event: 1.831 GC heap after
{Heap after GC invocations=2 (full 0):
 garbage-first heap   total 120832K, used 9216K [0x000000008a600000, 0x0000000100000000)
  region size 1024K, 6 young (6144K), 6 survivors (6144K)
 Metaspace       used 20904K, capacity 21086K, committed 21296K, reserved 1069056K
  class space    used 2245K, capacity 2313K, committed 2432K, reserved 1048576K
}
Event: 3.703 GC heap before
{Heap before GC invocations=3 (full 0):
 garbage-first heap   total 120832K, used 63488K [0x000000008a600000, 0x0000000100000000)
  region size 1024K, 54 young (55296K), 6 survivors (6144K)
 Metaspace       used 32222K, capacity 32662K, committed 32944K, reserved 1077248K
  class space    used 4047K, capacity 4246K, committed 4352K, reserved 1048576K
}
Event: 3.752 GC heap after
{Heap after GC invocations=4 (full 0):
 garbage-first heap   total 120832K, used 20905K [0x000000008a600000, 0x0000000100000000)
  region size 1024K, 7 young (7168K), 7 survivors (7168K)
 Metaspace       used 32222K, capacity 32662K, committed 32944K, reserved 1077248K
  class space    used 4047K, capacity 4246K, committed 4352K, reserved 1048576K
}
Event: 4.277 GC heap before
{Heap before GC invocations=4 (full 0):
 garbage-first heap   total 120832K, used 35241K [0x000000008a600000, 0x0000000100000000)
  region size 1024K, 22 young (22528K), 7 survivors (7168K)
 Metaspace       used 35407K, capacity 35777K, committed 35920K, reserved 1081344K
  class space    used 4397K, capacity 4602K, committed 4608K, reserved 1048576K
}
Event: 4.293 GC heap after
{Heap after GC invocations=5 (full 0):
 garbage-first heap   total 120832K, used 21039K [0x000000008a600000, 0x0000000100000000)
  region size 1024K, 2 young (2048K), 2 survivors (2048K)
 Metaspace       used 35407K, capacity 35777K, committed 35920K, reserved 1081344K
  class space    used 4397K, capacity 4602K, committed 4608K, reserved 1048576K
}

