# JRE version: Java(TM) SE Runtime Environment 18.9 (11.0.18+9) (build 11.0.18+9-LTS-195)
# Java VM: Java HotSpot(TM) 64-Bit Server VM 18.9 (11.0.18+9-LTS-195, mixed mode, tiered, compressed oops, g1 gc, windows-amd64)
Heap:
 garbage-first heap   total 176128K, used 83859K [0x000000008a600000, 0x0000000100000000)
  region size 1024K, 40 young (40960K), 7 survivors (7168K)
 Metaspace       used 62168K, capacity 62943K, committed 63184K, reserved 1105920K
  class space    used 7205K, capacity 7550K, committed 7552K, reserved 1048576K
GC Heap History (10 events):
Event: 6.316 GC heap before
{Heap before GC invocations=6 (full 0):
 garbage-first heap   total 120832K, used 63759K [0x000000008a600000, 0x0000000100000000)
  region size 1024K, 44 young (45056K), 2 survivors (2048K)
 Metaspace       used 43835K, capacity 44323K, committed 44496K, reserved 1089536K
  class space    used 5204K, capacity 5415K, committed 5504K, reserved 1048576K
}
Event: 6.337 GC heap after
{Heap after GC invocations=7 (full 0):
 garbage-first heap   total 146432K, used 25600K [0x000000008a600000, 0x0000000100000000)
  region size 1024K, 6 young (6144K), 6 survivors (6144K)
 Metaspace       used 43835K, capacity 44323K, committed 44496K, reserved 1089536K
  class space    used 5204K, capacity 5415K, committed 5504K, reserved 1048576K
}
Event: 7.641 GC heap before
{Heap before GC invocations=7 (full 0):
 garbage-first heap   total 146432K, used 82944K [0x000000008a600000, 0x0000000100000000)
  region size 1024K, 59 young (60416K), 6 survivors (6144K)
 Metaspace       used 49943K, capacity 50488K, committed 50768K, reserved 1093632K
  class space    used 5857K, capacity 6103K, committed 6144K, reserved 1048576K
}
Event: 7.665 GC heap after
{Heap after GC invocations=8 (full 0):
 garbage-first heap   total 146432K, used 33577K [0x000000008a600000, 0x0000000100000000)
  region size 1024K, 6 young (6144K), 6 survivors (6144K)
 Metaspace       used 49943K, capacity 50488K, committed 50768K, reserved 1093632K
  class space    used 5857K, capacity 6103K, committed 6144K, reserved 1048576K
}
Event: 10.062 GC heap before
{Heap before GC invocations=8 (full 0):
 garbage-first heap   total 146432K, used 88873K [0x000000008a600000, 0x0000000100000000)
  region size 1024K, 60 young (61440K), 6 survivors (6144K)
 Metaspace       used 58559K, capacity 59247K, committed 59344K, reserved 1101824K
  class space    used 6912K, capacity 7237K, committed 7296K, reserved 1048576K
}
Event: 10.093 GC heap after
{Heap after GC invocations=9 (full 0):
 garbage-first heap   total 146432K, used 41742K [0x000000008a600000, 0x0000000100000000)
  region size 1024K, 8 young (8192K), 8 survivors (8192K)
 Metaspace       used 58559K, capacity 59247K, committed 59344K, reserved 1101824K
  class space    used 6912K, capacity 7237K, committed 7296K, reserved 1048576K
}
Event: 10.349 GC heap before
{Heap before GC invocations=9 (full 0):
 garbage-first heap   total 146432K, used 45838K [0x000000008a600000, 0x0000000100000000)
  region size 1024K, 13 young (13312K), 8 survivors (8192K)
 Metaspace       used 59417K, capacity 60130K, committed 60240K, reserved 1101824K
  class space    used 6994K, capacity 7339K, committed 7424K, reserved 1048576K
}
Event: 10.371 GC heap after
{Heap after GC invocations=10 (full 0):
 garbage-first heap   total 146432K, used 42780K [0x000000008a600000, 0x0000000100000000)
  region size 1024K, 2 young (2048K), 2 survivors (2048K)
 Metaspace       used 59417K, capacity 60130K, committed 60240K, reserved 1101824K
  class space    used 6994K, capacity 7339K, committed 7424K, reserved 1048576K
}
Event: 12.230 GC heap before
{Heap before GC invocations=11 (full 0):
 garbage-first heap   total 146432K, used 90908K [0x000000008a600000, 0x0000000100000000)
  region size 1024K, 49 young (50176K), 2 survivors (2048K)
 Metaspace       used 61199K, capacity 61980K, committed 62160K, reserved 1103872K
  class space    used 7118K, capacity 7442K, committed 7552K, reserved 1048576K
}
Event: 12.257 GC heap after
{Heap after GC invocations=12 (full 0):
 garbage-first heap   total 176128K, used 51091K [0x000000008a600000, 0x0000000100000000)
  region size 1024K, 7 young (7168K), 7 survivors (7168K)
 Metaspace       used 61199K, capacity 61980K, committed 62160K, reserved 1103872K
  class space    used 7118K, capacity 7442K, committed 7552K, reserved 1048576K
}

